<?xml version="1.0" encoding="UTF-8"?>
<!-- Generated by org.testng.reporters.JUnitReportReporter -->
<testsuite hostname="DESKTOP-R4K58LI" failures="0" tests="6" name="TestCases.LoginPageTest" time="45.262" errors="0" timestamp="2022-12-29T08:50:21 IST" skipped="0">
  <testcase classname="TestCases.LoginPageTest" name="verifyTitleLogoTest" time="4.671"/>
  <testcase classname="TestCases.LoginPageTest" name="verifyInventoryUrl" time="5.507"/>
  <testcase classname="TestCases.LoginPageTest" name="verifyUrlTest" time="4.570"/>
  <testcase classname="TestCases.LoginPageTest" name="verifyBotLogotest" time="5.080"/>
  <testcase classname="TestCases.LoginPageTest" name="verifyLoginTest" time="10.582"/>
  <testcase classname="TestCases.LoginPageTest" name="verifyTitleTest" time="14.852"/>
</testsuite> <!-- TestCases.LoginPageTest -->
